\BOOKMARK [1][-]{section.1}{\376\377\000I\000n\000t\000r\000o\000d\000u\000c\000t\000i\000o\000n}{}% 1
\BOOKMARK [1][-]{section.2}{\376\377\000P\000o\000k\000e\000d\000e\000x}{}% 2
\BOOKMARK [1][-]{section.3}{\376\377\000C\000l\000e\000a\000n\000\040\000A\000r\000c\000h\000i\000t\000e\000c\000t\000u\000r\000e}{}% 3
\BOOKMARK [1][-]{section.4}{\376\377\000J\000e\000t\000P\000a\000c\000k}{}% 4
\BOOKMARK [2][-]{subsection.4.1}{\376\377\000A\000r\000c\000h\000i\000t\000e\000c\000t\000u\000r\000e\000\040\000C\000o\000m\000p\000o\000n\000e\000n\000t\000s}{section.4}% 5
\BOOKMARK [3][-]{subsubsection.4.1.1}{\376\377\000R\000o\000o\000m}{subsection.4.1}% 6
\BOOKMARK [3][-]{subsubsection.4.1.2}{\376\377\000L\000i\000f\000e\000c\000y\000c\000l\000e}{subsection.4.1}% 7
\BOOKMARK [3][-]{subsubsection.4.1.3}{\376\377\000V\000i\000e\000w\000M\000o\000d\000e\000l}{subsection.4.1}% 8
\BOOKMARK [3][-]{subsubsection.4.1.4}{\376\377\000L\000i\000v\000e\000D\000a\000t\000a}{subsection.4.1}% 9
\BOOKMARK [3][-]{subsubsection.4.1.5}{\376\377\000P\000a\000g\000i\000n\000g}{subsection.4.1}% 10
\BOOKMARK [3][-]{subsubsection.4.1.6}{\376\377\000W\000o\000r\000k\000M\000a\000n\000a\000g\000e\000r}{subsection.4.1}% 11
\BOOKMARK [1][-]{section.5}{\376\377\000M\000V\000V\000M\000\040\000i\000n\000\040\000a\000n\000d\000r\000o\000i\000d}{}% 12
\BOOKMARK [1][-]{section.6}{\376\377\000L\000e\000t\000'\000s\000\040\000S\000t\000a\000r\000t}{}% 13
\BOOKMARK [2][-]{subsection.6.1}{\376\377\000B\000a\000s\000i\000c\000\040\000D\000a\000t\000a\000\040\000L\000a\000y\000e\000r\000\040\000a\000n\000d\000\040\000B\000a\000s\000i\000c\000\040\000D\000o\000m\000a\000i\000n}{section.6}% 14
\BOOKMARK [1][-]{section.7}{\376\377\000F\000i\000r\000s\000t\000\040\000F\000e\000a\000t\000u\000r\000e\000\040\000-\000\040\000R\000e\000g\000i\000o\000n\000\040\000L\000i\000s\000t}{}% 15
\BOOKMARK [2][-]{subsection.7.1}{\376\377\000R\000e\000c\000y\000c\000l\000e\000r\000V\000i\000e\000w}{section.7}% 16
\BOOKMARK [2][-]{subsection.7.2}{\376\377\000D\000a\000t\000a\000\040\000B\000i\000n\000d\000i\000n\000g}{section.7}% 17
\BOOKMARK [1][-]{section.8}{\376\377\000P\000o\000k\000e\000m\000o\000n\000\040\000L\000i\000s\000t}{}% 18
\BOOKMARK [2][-]{subsection.8.1}{\376\377\000P\000o\000k\000e\000m\000o\000n\000s\000\040\000F\000r\000a\000g\000m\000e\000n\000t\000\040\000a\000n\000d\000\040\000V\000i\000e\000w\000M\000o\000d\000e\000l}{section.8}% 19
\BOOKMARK [2][-]{subsection.8.2}{\376\377\000N\000a\000v\000i\000g\000a\000t\000i\000o\000n\000\040\000A\000n\000d\000r\000o\000i\000d}{section.8}% 20
\BOOKMARK [2][-]{subsection.8.3}{\376\377\000M\000o\000d\000i\000f\000y\000\040\000R\000e\000g\000i\000o\000n\000\040\000F\000r\000a\000g\000m\000e\000n\000t\000\040\000a\000n\000d\000\040\000A\000d\000a\000p\000t\000e\000r\000\040\000t\000o\000\040\000n\000a\000v\000i\000g\000a\000t\000o\000\040\000t\000o\000\040\000P\000o\000k\000e\000m\000o\000n\000s\000\040\000L\000i\000s\000t}{section.8}% 21
\BOOKMARK [1][-]{section.9}{\376\377\000P\000o\000k\000e\000m\000o\000n\000\040\000D\000e\000t\000a\000i\000l}{}% 22
\BOOKMARK [1][-]{section.10}{\376\377\000E\000x\000t\000r\000a\000s}{}% 23
\BOOKMARK [2][-]{subsection.10.1}{\376\377\000A\000d\000d\000\040\000S\000e\000a\000r\000c\000h\000\040\000i\000n\000\040\000P\000o\000k\000e\000m\000o\000n\000\040\000L\000i\000s\000t}{section.10}% 24
\BOOKMARK [2][-]{subsection.10.2}{\376\377\000A\000d\000d\000\040\000F\000i\000l\000t\000e\000r\000s\000\040\000i\000n\000\040\000P\000o\000k\000e\000m\000o\000n\000\040\000L\000i\000s\000t}{section.10}% 25
\BOOKMARK [1][-]{appendix.A}{\376\377\000M\000o\000d\000e\000l\000\040\000C\000l\000a\000s\000s\000e\000s}{}% 26
\BOOKMARK [1][-]{appendix.B}{\376\377\000D\000a\000t\000a\000\040\000M\000o\000c\000k\000\040\000O\000b\000j\000e\000c\000t}{}% 27
